2026-03-24 19:43:28,988 - __main__ - INFO - Starting in production mode
2026-03-24 19:43:29,131 - __main__ - INFO - Starting Telegram bot...
2026-03-24 19:43:33,024 - httpx - INFO - HTTP Request: POST https://api.telegram.org/bot8325733110:AAGqOULXym3cIbD0ApVPQVkY4h4h3b_QQ_s/getMe "HTTP/1.1 200 OK"
2026-03-24 19:43:33,027 - telegram.ext.Application - INFO - Application started
2026-03-24 19:43:33,111 - httpx - INFO - HTTP Request: POST https://api.telegram.org/bot8325733110:AAGqOULXym3cIbD0ApVPQVkY4h4h3b_QQ_s/deleteWebhook "HTTP/1.1 200 OK"
2026-03-24 19:43:43,586 - httpx - INFO - HTTP Request: POST https://api.telegram.org/bot8325733110:AAGqOULXym3cIbD0ApVPQVkY4h4h3b_QQ_s/getUpdates "HTTP/1.1 200 OK"
2026-03-24 19:43:53,690 - httpx - INFO - HTTP Request: POST https://api.telegram.org/bot8325733110:AAGqOULXym3cIbD0ApVPQVkY4h4h3b_QQ_s/getUpdates "HTTP/1.1 200 OK"
2026-03-24 19:44:03,780 - httpx - INFO - HTTP Request: POST https://api.telegram.org/bot8325733110:AAGqOULXym3cIbD0ApVPQVkY4h4h3b_QQ_s/getUpdates "HTTP/1.1 200 OK"
2026-03-24 19:44:13,873 - httpx - INFO - HTTP Request: POST https://api.telegram.org/bot8325733110:AAGqOULXym3cIbD0ApVPQVkY4h4h3b_QQ_s/getUpdates "HTTP/1.1 200 OK"
2026-03-24 19:44:23,965 - httpx - INFO - HTTP Request: POST https://api.telegram.org/bot8325733110:AAGqOULXym3cIbD0ApVPQVkY4h4h3b_QQ_s/getUpdates "HTTP/1.1 200 OK"
2026-03-24 19:44:34,056 - httpx - INFO - HTTP Request: POST https://api.telegram.org/bot8325733110:AAGqOULXym3cIbD0ApVPQVkY4h4h3b_QQ_s/getUpdates "HTTP/1.1 200 OK"
2026-03-24 19:44:44,151 - httpx - INFO - HTTP Request: POST https://api.telegram.org/bot8325733110:AAGqOULXym3cIbD0ApVPQVkY4h4h3b_QQ_s/getUpdates "HTTP/1.1 200 OK"
2026-03-24 19:44:54,260 - httpx - INFO - HTTP Request: POST https://api.telegram.org/bot8325733110:AAGqOULXym3cIbD0ApVPQVkY4h4h3b_QQ_s/getUpdates "HTTP/1.1 200 OK"
2026-03-24 19:45:04,353 - httpx - INFO - HTTP Request: POST https://api.telegram.org/bot8325733110:AAGqOULXym3cIbD0ApVPQVkY4h4h3b_QQ_s/getUpdates "HTTP/1.1 200 OK"
2026-03-24 19:45:14,453 - httpx - INFO - HTTP Request: POST https://api.telegram.org/bot8325733110:AAGqOULXym3cIbD0ApVPQVkY4h4h3b_QQ_s/getUpdates "HTTP/1.1 200 OK"
2026-03-24 19:45:24,544 - httpx - INFO - HTTP Request: POST https://api.telegram.org/bot8325733110:AAGqOULXym3cIbD0ApVPQVkY4h4h3b_QQ_s/getUpdates "HTTP/1.1 200 OK"
2026-03-24 19:45:34,636 - httpx - INFO - HTTP Request: POST https://api.telegram.org/bot8325733110:AAGqOULXym3cIbD0ApVPQVkY4h4h3b_QQ_s/getUpdates "HTTP/1.1 200 OK"
2026-03-24 19:45:44,735 - httpx - INFO - HTTP Request: POST https://api.telegram.org/bot8325733110:AAGqOULXym3cIbD0ApVPQVkY4h4h3b_QQ_s/getUpdates "HTTP/1.1 200 OK"
2026-03-24 19:45:54,828 - httpx - INFO - HTTP Request: POST https://api.telegram.org/bot8325733110:AAGqOULXym3cIbD0ApVPQVkY4h4h3b_QQ_s/getUpdates "HTTP/1.1 200 OK"
2026-03-24 19:46:04,926 - httpx - INFO - HTTP Request: POST https://api.telegram.org/bot8325733110:AAGqOULXym3cIbD0ApVPQVkY4h4h3b_QQ_s/getUpdates "HTTP/1.1 200 OK"
2026-03-24 19:46:15,018 - httpx - INFO - HTTP Request: POST https://api.telegram.org/bot8325733110:AAGqOULXym3cIbD0ApVPQVkY4h4h3b_QQ_s/getUpdates "HTTP/1.1 200 OK"
2026-03-24 19:46:25,108 - httpx - INFO - HTTP Request: POST https://api.telegram.org/bot8325733110:AAGqOULXym3cIbD0ApVPQVkY4h4h3b_QQ_s/getUpdates "HTTP/1.1 200 OK"
2026-03-24 19:46:35,199 - httpx - INFO - HTTP Request: POST https://api.telegram.org/bot8325733110:AAGqOULXym3cIbD0ApVPQVkY4h4h3b_QQ_s/getUpdates "HTTP/1.1 200 OK"
2026-03-24 19:46:45,294 - httpx - INFO - HTTP Request: POST https://api.telegram.org/bot8325733110:AAGqOULXym3cIbD0ApVPQVkY4h4h3b_QQ_s/getUpdates "HTTP/1.1 200 OK"
2026-03-24 19:46:55,390 - httpx - INFO - HTTP Request: POST https://api.telegram.org/bot8325733110:AAGqOULXym3cIbD0ApVPQVkY4h4h3b_QQ_s/getUpdates "HTTP/1.1 200 OK"
2026-03-24 19:47:05,490 - httpx - INFO - HTTP Request: POST https://api.telegram.org/bot8325733110:AAGqOULXym3cIbD0ApVPQVkY4h4h3b_QQ_s/getUpdates "HTTP/1.1 200 OK"
2026-03-24 19:47:15,581 - httpx - INFO - HTTP Request: POST https://api.telegram.org/bot8325733110:AAGqOULXym3cIbD0ApVPQVkY4h4h3b_QQ_s/getUpdates "HTTP/1.1 200 OK"
2026-03-24 19:47:25,674 - httpx - INFO - HTTP Request: POST https://api.telegram.org/bot8325733110:AAGqOULXym3cIbD0ApVPQVkY4h4h3b_QQ_s/getUpdates "HTTP/1.1 200 OK"
2026-03-24 19:47:35,775 - httpx - INFO - HTTP Request: POST https://api.telegram.org/bot8325733110:AAGqOULXym3cIbD0ApVPQVkY4h4h3b_QQ_s/getUpdates "HTTP/1.1 200 OK"
2026-03-24 19:47:45,874 - httpx - INFO - HTTP Request: POST https://api.telegram.org/bot8325733110:AAGqOULXym3cIbD0ApVPQVkY4h4h3b_QQ_s/getUpdates "HTTP/1.1 200 OK"
2026-03-24 19:47:55,973 - httpx - INFO - HTTP Request: POST https://api.telegram.org/bot8325733110:AAGqOULXym3cIbD0ApVPQVkY4h4h3b_QQ_s/getUpdates "HTTP/1.1 200 OK"
2026-03-24 19:48:06,065 - httpx - INFO - HTTP Request: POST https://api.telegram.org/bot8325733110:AAGqOULXym3cIbD0ApVPQVkY4h4h3b_QQ_s/getUpdates "HTTP/1.1 200 OK"
2026-03-24 19:48:16,156 - httpx - INFO - HTTP Request: POST https://api.telegram.org/bot8325733110:AAGqOULXym3cIbD0ApVPQVkY4h4h3b_QQ_s/getUpdates "HTTP/1.1 200 OK"
2026-03-24 19:48:26,247 - httpx - INFO - HTTP Request: POST https://api.telegram.org/bot8325733110:AAGqOULXym3cIbD0ApVPQVkY4h4h3b_QQ_s/getUpdates "HTTP/1.1 200 OK"
2026-03-24 19:48:36,354 - httpx - INFO - HTTP Request: POST https://api.telegram.org/bot8325733110:AAGqOULXym3cIbD0ApVPQVkY4h4h3b_QQ_s/getUpdates "HTTP/1.1 200 OK"
2026-03-24 19:48:46,443 - httpx - INFO - HTTP Request: POST https://api.telegram.org/bot8325733110:AAGqOULXym3cIbD0ApVPQVkY4h4h3b_QQ_s/getUpdates "HTTP/1.1 200 OK"
2026-03-24 19:48:56,536 - httpx - INFO - HTTP Request: POST https://api.telegram.org/bot8325733110:AAGqOULXym3cIbD0ApVPQVkY4h4h3b_QQ_s/getUpdates "HTTP/1.1 200 OK"
2026-03-24 19:49:06,630 - httpx - INFO - HTTP Request: POST https://api.telegram.org/bot8325733110:AAGqOULXym3cIbD0ApVPQVkY4h4h3b_QQ_s/getUpdates "HTTP/1.1 200 OK"
2026-03-24 19:49:16,728 - httpx - INFO - HTTP Request: POST https://api.telegram.org/bot8325733110:AAGqOULXym3cIbD0ApVPQVkY4h4h3b_QQ_s/getUpdates "HTTP/1.1 200 OK"
2026-03-24 19:49:26,820 - httpx - INFO - HTTP Request: POST https://api.telegram.org/bot8325733110:AAGqOULXym3cIbD0ApVPQVkY4h4h3b_QQ_s/getUpdates "HTTP/1.1 200 OK"
2026-03-24 19:49:36,914 - httpx - INFO - HTTP Request: POST https://api.telegram.org/bot8325733110:AAGqOULXym3cIbD0ApVPQVkY4h4h3b_QQ_s/getUpdates "HTTP/1.1 200 OK"
2026-03-24 19:49:47,008 - httpx - INFO - HTTP Request: POST https://api.telegram.org/bot8325733110:AAGqOULXym3cIbD0ApVPQVkY4h4h3b_QQ_s/getUpdates "HTTP/1.1 200 OK"
2026-03-24 19:49:57,100 - httpx - INFO - HTTP Request: POST https://api.telegram.org/bot8325733110:AAGqOULXym3cIbD0ApVPQVkY4h4h3b_QQ_s/getUpdates "HTTP/1.1 200 OK"
2026-03-24 19:50:07,195 - httpx - INFO - HTTP Request: POST https://api.telegram.org/bot8325733110:AAGqOULXym3cIbD0ApVPQVkY4h4h3b_QQ_s/getUpdates "HTTP/1.1 200 OK"
2026-03-24 19:50:17,287 - httpx - INFO - HTTP Request: POST https://api.telegram.org/bot8325733110:AAGqOULXym3cIbD0ApVPQVkY4h4h3b_QQ_s/getUpdates "HTTP/1.1 200 OK"
2026-03-24 19:50:27,409 - httpx - INFO - HTTP Request: POST https://api.telegram.org/bot8325733110:AAGqOULXym3cIbD0ApVPQVkY4h4h3b_QQ_s/getUpdates "HTTP/1.1 200 OK"
2026-03-24 19:50:37,511 - httpx - INFO - HTTP Request: POST https://api.telegram.org/bot8325733110:AAGqOULXym3cIbD0ApVPQVkY4h4h3b_QQ_s/getUpdates "HTTP/1.1 200 OK"
2026-03-24 19:50:47,602 - httpx - INFO - HTTP Request: POST https://api.telegram.org/bot8325733110:AAGqOULXym3cIbD0ApVPQVkY4h4h3b_QQ_s/getUpdates "HTTP/1.1 200 OK"
2026-03-24 19:50:57,698 - httpx - INFO - HTTP Request: POST https://api.telegram.org/bot8325733110:AAGqOULXym3cIbD0ApVPQVkY4h4h3b_QQ_s/getUpdates "HTTP/1.1 200 OK"
2026-03-24 19:51:07,788 - httpx - INFO - HTTP Request: POST https://api.telegram.org/bot8325733110:AAGqOULXym3cIbD0ApVPQVkY4h4h3b_QQ_s/getUpdates "HTTP/1.1 200 OK"
2026-03-24 19:51:17,884 - httpx - INFO - HTTP Request: POST https://api.telegram.org/bot8325733110:AAGqOULXym3cIbD0ApVPQVkY4h4h3b_QQ_s/getUpdates "HTTP/1.1 200 OK"
2026-03-24 19:51:27,983 - httpx - INFO - HTTP Request: POST https://api.telegram.org/bot8325733110:AAGqOULXym3cIbD0ApVPQVkY4h4h3b_QQ_s/getUpdates "HTTP/1.1 200 OK"
2026-03-24 19:51:38,072 - httpx - INFO - HTTP Request: POST https://api.telegram.org/bot8325733110:AAGqOULXym3cIbD0ApVPQVkY4h4h3b_QQ_s/getUpdates "HTTP/1.1 200 OK"
2026-03-24 19:51:48,179 - httpx - INFO - HTTP Request: POST https://api.telegram.org/bot8325733110:AAGqOULXym3cIbD0ApVPQVkY4h4h3b_QQ_s/getUpdates "HTTP/1.1 200 OK"
2026-03-24 19:51:58,275 - httpx - INFO - HTTP Request: POST https://api.telegram.org/bot8325733110:AAGqOULXym3cIbD0ApVPQVkY4h4h3b_QQ_s/getUpdates "HTTP/1.1 200 OK"
2026-03-24 19:52:08,382 - httpx - INFO - HTTP Request: POST https://api.telegram.org/bot8325733110:AAGqOULXym3cIbD0ApVPQVkY4h4h3b_QQ_s/getUpdates "HTTP/1.1 200 OK"
2026-03-24 19:52:18,474 - httpx - INFO - HTTP Request: POST https://api.telegram.org/bot8325733110:AAGqOULXym3cIbD0ApVPQVkY4h4h3b_QQ_s/getUpdates "HTTP/1.1 200 OK"
2026-03-24 19:52:28,569 - httpx - INFO - HTTP Request: POST https://api.telegram.org/bot8325733110:AAGqOULXym3cIbD0ApVPQVkY4h4h3b_QQ_s/getUpdates "HTTP/1.1 200 OK"
2026-03-24 19:52:38,660 - httpx - INFO - HTTP Request: POST https://api.telegram.org/bot8325733110:AAGqOULXym3cIbD0ApVPQVkY4h4h3b_QQ_s/getUpdates "HTTP/1.1 200 OK"
2026-03-24 19:52:48,754 - httpx - INFO - HTTP Request: POST https://api.telegram.org/bot8325733110:AAGqOULXym3cIbD0ApVPQVkY4h4h3b_QQ_s/getUpdates "HTTP/1.1 200 OK"
2026-03-24 19:52:58,849 - httpx - INFO - HTTP Request: POST https://api.telegram.org/bot8325733110:AAGqOULXym3cIbD0ApVPQVkY4h4h3b_QQ_s/getUpdates "HTTP/1.1 200 OK"
2026-03-24 19:53:08,947 - httpx - INFO - HTTP Request: POST https://api.telegram.org/bot8325733110:AAGqOULXym3cIbD0ApVPQVkY4h4h3b_QQ_s/getUpdates "HTTP/1.1 200 OK"
2026-03-24 19:53:19,039 - httpx - INFO - HTTP Request: POST https://api.telegram.org/bot8325733110:AAGqOULXym3cIbD0ApVPQVkY4h4h3b_QQ_s/getUpdates "HTTP/1.1 200 OK"
2026-03-24 19:53:29,132 - httpx - INFO - HTTP Request: POST https://api.telegram.org/bot8325733110:AAGqOULXym3cIbD0ApVPQVkY4h4h3b_QQ_s/getUpdates "HTTP/1.1 200 OK"
2026-03-24 19:53:39,222 - httpx - INFO - HTTP Request: POST https://api.telegram.org/bot8325733110:AAGqOULXym3cIbD0ApVPQVkY4h4h3b_QQ_s/getUpdates "HTTP/1.1 200 OK"
2026-03-24 19:53:49,314 - httpx - INFO - HTTP Request: POST https://api.telegram.org/bot8325733110:AAGqOULXym3cIbD0ApVPQVkY4h4h3b_QQ_s/getUpdates "HTTP/1.1 200 OK"
2026-03-24 19:53:59,407 - httpx - INFO - HTTP Request: POST https://api.telegram.org/bot8325733110:AAGqOULXym3cIbD0ApVPQVkY4h4h3b_QQ_s/getUpdates "HTTP/1.1 200 OK"
2026-03-24 19:54:09,498 - httpx - INFO - HTTP Request: POST https://api.telegram.org/bot8325733110:AAGqOULXym3cIbD0ApVPQVkY4h4h3b_QQ_s/getUpdates "HTTP/1.1 200 OK"
2026-03-24 19:54:19,591 - httpx - INFO - HTTP Request: POST https://api.telegram.org/bot8325733110:AAGqOULXym3cIbD0ApVPQVkY4h4h3b_QQ_s/getUpdates "HTTP/1.1 200 OK"
2026-03-24 19:54:29,691 - httpx - INFO - HTTP Request: POST https://api.telegram.org/bot8325733110:AAGqOULXym3cIbD0ApVPQVkY4h4h3b_QQ_s/getUpdates "HTTP/1.1 200 OK"
2026-03-24 19:54:39,787 - httpx - INFO - HTTP Request: POST https://api.telegram.org/bot8325733110:AAGqOULXym3cIbD0ApVPQVkY4h4h3b_QQ_s/getUpdates "HTTP/1.1 200 OK"
2026-03-24 19:54:49,880 - httpx - INFO - HTTP Request: POST https://api.telegram.org/bot8325733110:AAGqOULXym3cIbD0ApVPQVkY4h4h3b_QQ_s/getUpdates "HTTP/1.1 200 OK"
2026-03-24 19:54:59,968 - httpx - INFO - HTTP Request: POST https://api.telegram.org/bot8325733110:AAGqOULXym3cIbD0ApVPQVkY4h4h3b_QQ_s/getUpdates "HTTP/1.1 200 OK"
2026-03-24 19:55:10,060 - httpx - INFO - HTTP Request: POST https://api.telegram.org/bot8325733110:AAGqOULXym3cIbD0ApVPQVkY4h4h3b_QQ_s/getUpdates "HTTP/1.1 200 OK"
2026-03-24 19:55:20,156 - httpx - INFO - HTTP Request: POST https://api.telegram.org/bot8325733110:AAGqOULXym3cIbD0ApVPQVkY4h4h3b_QQ_s/getUpdates "HTTP/1.1 200 OK"
2026-03-24 19:55:30,248 - httpx - INFO - HTTP Request: POST https://api.telegram.org/bot8325733110:AAGqOULXym3cIbD0ApVPQVkY4h4h3b_QQ_s/getUpdates "HTTP/1.1 200 OK"
2026-03-24 19:55:40,339 - httpx - INFO - HTTP Request: POST https://api.telegram.org/bot8325733110:AAGqOULXym3cIbD0ApVPQVkY4h4h3b_QQ_s/getUpdates "HTTP/1.1 200 OK"
2026-03-24 19:55:50,428 - httpx - INFO - HTTP Request: POST https://api.telegram.org/bot8325733110:AAGqOULXym3cIbD0ApVPQVkY4h4h3b_QQ_s/getUpdates "HTTP/1.1 200 OK"
2026-03-24 19:56:00,520 - httpx - INFO - HTTP Request: POST https://api.telegram.org/bot8325733110:AAGqOULXym3cIbD0ApVPQVkY4h4h3b_QQ_s/getUpdates "HTTP/1.1 200 OK"
2026-03-24 19:56:10,612 - httpx - INFO - HTTP Request: POST https://api.telegram.org/bot8325733110:AAGqOULXym3cIbD0ApVPQVkY4h4h3b_QQ_s/getUpdates "HTTP/1.1 200 OK"
2026-03-24 19:56:20,716 - httpx - INFO - HTTP Request: POST https://api.telegram.org/bot8325733110:AAGqOULXym3cIbD0ApVPQVkY4h4h3b_QQ_s/getUpdates "HTTP/1.1 200 OK"
2026-03-24 19:56:30,808 - httpx - INFO - HTTP Request: POST https://api.telegram.org/bot8325733110:AAGqOULXym3cIbD0ApVPQVkY4h4h3b_QQ_s/getUpdates "HTTP/1.1 200 OK"
2026-03-24 19:56:40,900 - httpx - INFO - HTTP Request: POST https://api.telegram.org/bot8325733110:AAGqOULXym3cIbD0ApVPQVkY4h4h3b_QQ_s/getUpdates "HTTP/1.1 200 OK"
2026-03-24 19:56:50,990 - httpx - INFO - HTTP Request: POST https://api.telegram.org/bot8325733110:AAGqOULXym3cIbD0ApVPQVkY4h4h3b_QQ_s/getUpdates "HTTP/1.1 200 OK"
2026-03-24 19:57:01,086 - httpx - INFO - HTTP Request: POST https://api.telegram.org/bot8325733110:AAGqOULXym3cIbD0ApVPQVkY4h4h3b_QQ_s/getUpdates "HTTP/1.1 200 OK"
2026-03-24 19:57:11,176 - httpx - INFO - HTTP Request: POST https://api.telegram.org/bot8325733110:AAGqOULXym3cIbD0ApVPQVkY4h4h3b_QQ_s/getUpdates "HTTP/1.1 200 OK"
2026-03-24 19:57:21,276 - httpx - INFO - HTTP Request: POST https://api.telegram.org/bot8325733110:AAGqOULXym3cIbD0ApVPQVkY4h4h3b_QQ_s/getUpdates "HTTP/1.1 200 OK"
2026-03-24 19:57:31,370 - httpx - INFO - HTTP Request: POST https://api.telegram.org/bot8325733110:AAGqOULXym3cIbD0ApVPQVkY4h4h3b_QQ_s/getUpdates "HTTP/1.1 200 OK"
2026-03-24 19:57:41,474 - httpx - INFO - HTTP Request: POST https://api.telegram.org/bot8325733110:AAGqOULXym3cIbD0ApVPQVkY4h4h3b_QQ_s/getUpdates "HTTP/1.1 200 OK"
2026-03-24 19:57:51,567 - httpx - INFO - HTTP Request: POST https://api.telegram.org/bot8325733110:AAGqOULXym3cIbD0ApVPQVkY4h4h3b_QQ_s/getUpdates "HTTP/1.1 200 OK"
2026-03-24 19:58:01,683 - httpx - INFO - HTTP Request: POST https://api.telegram.org/bot8325733110:AAGqOULXym3cIbD0ApVPQVkY4h4h3b_QQ_s/getUpdates "HTTP/1.1 200 OK"
2026-03-24 19:58:11,778 - httpx - INFO - HTTP Request: POST https://api.telegram.org/bot8325733110:AAGqOULXym3cIbD0ApVPQVkY4h4h3b_QQ_s/getUpdates "HTTP/1.1 200 OK"
2026-03-24 19:58:21,869 - httpx - INFO - HTTP Request: POST https://api.telegram.org/bot8325733110:AAGqOULXym3cIbD0ApVPQVkY4h4h3b_QQ_s/getUpdates "HTTP/1.1 200 OK"
2026-03-24 19:58:31,962 - httpx - INFO - HTTP Request: POST https://api.telegram.org/bot8325733110:AAGqOULXym3cIbD0ApVPQVkY4h4h3b_QQ_s/getUpdates "HTTP/1.1 200 OK"
2026-03-24 19:58:42,060 - httpx - INFO - HTTP Request: POST https://api.telegram.org/bot8325733110:AAGqOULXym3cIbD0ApVPQVkY4h4h3b_QQ_s/getUpdates "HTTP/1.1 200 OK"
2026-03-24 19:58:52,155 - httpx - INFO - HTTP Request: POST https://api.telegram.org/bot8325733110:AAGqOULXym3cIbD0ApVPQVkY4h4h3b_QQ_s/getUpdates "HTTP/1.1 200 OK"
2026-03-24 19:59:02,251 - httpx - INFO - HTTP Request: POST https://api.telegram.org/bot8325733110:AAGqOULXym3cIbD0ApVPQVkY4h4h3b_QQ_s/getUpdates "HTTP/1.1 200 OK"
2026-03-24 19:59:12,354 - httpx - INFO - HTTP Request: POST https://api.telegram.org/bot8325733110:AAGqOULXym3cIbD0ApVPQVkY4h4h3b_QQ_s/getUpdates "HTTP/1.1 200 OK"
2026-03-24 19:59:22,447 - httpx - INFO - HTTP Request: POST https://api.telegram.org/bot8325733110:AAGqOULXym3cIbD0ApVPQVkY4h4h3b_QQ_s/getUpdates "HTTP/1.1 200 OK"
2026-03-24 19:59:32,540 - httpx - INFO - HTTP Request: POST https://api.telegram.org/bot8325733110:AAGqOULXym3cIbD0ApVPQVkY4h4h3b_QQ_s/getUpdates "HTTP/1.1 200 OK"
2026-03-24 19:59:42,630 - httpx - INFO - HTTP Request: POST https://api.telegram.org/bot8325733110:AAGqOULXym3cIbD0ApVPQVkY4h4h3b_QQ_s/getUpdates "HTTP/1.1 200 OK"
2026-03-24 19:59:52,718 - httpx - INFO - HTTP Request: POST https://api.telegram.org/bot8325733110:AAGqOULXym3cIbD0ApVPQVkY4h4h3b_QQ_s/getUpdates "HTTP/1.1 200 OK"
2026-03-24 20:00:02,810 - httpx - INFO - HTTP Request: POST https://api.telegram.org/bot8325733110:AAGqOULXym3cIbD0ApVPQVkY4h4h3b_QQ_s/getUpdates "HTTP/1.1 200 OK"
2026-03-24 20:00:12,909 - httpx - INFO - HTTP Request: POST https://api.telegram.org/bot8325733110:AAGqOULXym3cIbD0ApVPQVkY4h4h3b_QQ_s/getUpdates "HTTP/1.1 200 OK"
2026-03-24 20:00:23,022 - httpx - INFO - HTTP Request: POST https://api.telegram.org/bot8325733110:AAGqOULXym3cIbD0ApVPQVkY4h4h3b_QQ_s/getUpdates "HTTP/1.1 200 OK"
2026-03-24 20:00:33,675 - httpx - INFO - HTTP Request: POST https://api.telegram.org/bot8325733110:AAGqOULXym3cIbD0ApVPQVkY4h4h3b_QQ_s/getUpdates "HTTP/1.1 200 OK"
2026-03-24 20:00:43,800 - httpx - INFO - HTTP Request: POST https://api.telegram.org/bot8325733110:AAGqOULXym3cIbD0ApVPQVkY4h4h3b_QQ_s/getUpdates "HTTP/1.1 200 OK"
2026-03-24 20:00:53,936 - httpx - INFO - HTTP Request: POST https://api.telegram.org/bot8325733110:AAGqOULXym3cIbD0ApVPQVkY4h4h3b_QQ_s/getUpdates "HTTP/1.1 200 OK"
2026-03-24 20:01:04,049 - httpx - INFO - HTTP Request: POST https://api.telegram.org/bot8325733110:AAGqOULXym3cIbD0ApVPQVkY4h4h3b_QQ_s/getUpdates "HTTP/1.1 200 OK"
2026-03-24 20:01:14,208 - httpx - INFO - HTTP Request: POST https://api.telegram.org/bot8325733110:AAGqOULXym3cIbD0ApVPQVkY4h4h3b_QQ_s/getUpdates "HTTP/1.1 200 OK"
2026-03-24 20:01:24,380 - httpx - INFO - HTTP Request: POST https://api.telegram.org/bot8325733110:AAGqOULXym3cIbD0ApVPQVkY4h4h3b_QQ_s/getUpdates "HTTP/1.1 200 OK"
2026-03-24 20:01:34,485 - httpx - INFO - HTTP Request: POST https://api.telegram.org/bot8325733110:AAGqOULXym3cIbD0ApVPQVkY4h4h3b_QQ_s/getUpdates "HTTP/1.1 200 OK"
2026-03-24 20:01:44,636 - httpx - INFO - HTTP Request: POST https://api.telegram.org/bot8325733110:AAGqOULXym3cIbD0ApVPQVkY4h4h3b_QQ_s/getUpdates "HTTP/1.1 200 OK"
2026-03-24 20:01:54,741 - httpx - INFO - HTTP Request: POST https://api.telegram.org/bot8325733110:AAGqOULXym3cIbD0ApVPQVkY4h4h3b_QQ_s/getUpdates "HTTP/1.1 200 OK"
2026-03-24 20:02:04,842 - httpx - INFO - HTTP Request: POST https://api.telegram.org/bot8325733110:AAGqOULXym3cIbD0ApVPQVkY4h4h3b_QQ_s/getUpdates "HTTP/1.1 200 OK"
2026-03-24 20:02:14,947 - httpx - INFO - HTTP Request: POST https://api.telegram.org/bot8325733110:AAGqOULXym3cIbD0ApVPQVkY4h4h3b_QQ_s/getUpdates "HTTP/1.1 200 OK"
2026-03-24 20:02:25,056 - httpx - INFO - HTTP Request: POST https://api.telegram.org/bot8325733110:AAGqOULXym3cIbD0ApVPQVkY4h4h3b_QQ_s/getUpdates "HTTP/1.1 200 OK"
2026-03-24 20:02:35,165 - httpx - INFO - HTTP Request: POST https://api.telegram.org/bot8325733110:AAGqOULXym3cIbD0ApVPQVkY4h4h3b_QQ_s/getUpdates "HTTP/1.1 200 OK"
2026-03-24 20:02:45,259 - httpx - INFO - HTTP Request: POST https://api.telegram.org/bot8325733110:AAGqOULXym3cIbD0ApVPQVkY4h4h3b_QQ_s/getUpdates "HTTP/1.1 200 OK"
2026-03-24 20:02:55,384 - httpx - INFO - HTTP Request: POST https://api.telegram.org/bot8325733110:AAGqOULXym3cIbD0ApVPQVkY4h4h3b_QQ_s/getUpdates "HTTP/1.1 200 OK"
2026-03-24 20:03:05,509 - httpx - INFO - HTTP Request: POST https://api.telegram.org/bot8325733110:AAGqOULXym3cIbD0ApVPQVkY4h4h3b_QQ_s/getUpdates "HTTP/1.1 200 OK"
2026-03-24 20:03:15,626 - httpx - INFO - HTTP Request: POST https://api.telegram.org/bot8325733110:AAGqOULXym3cIbD0ApVPQVkY4h4h3b_QQ_s/getUpdates "HTTP/1.1 200 OK"
2026-03-24 20:03:25,759 - httpx - INFO - HTTP Request: POST https://api.telegram.org/bot8325733110:AAGqOULXym3cIbD0ApVPQVkY4h4h3b_QQ_s/getUpdates "HTTP/1.1 200 OK"
2026-03-24 20:03:35,917 - httpx - INFO - HTTP Request: POST https://api.telegram.org/bot8325733110:AAGqOULXym3cIbD0ApVPQVkY4h4h3b_QQ_s/getUpdates "HTTP/1.1 200 OK"
2026-03-24 20:03:46,041 - httpx - INFO - HTTP Request: POST https://api.telegram.org/bot8325733110:AAGqOULXym3cIbD0ApVPQVkY4h4h3b_QQ_s/getUpdates "HTTP/1.1 200 OK"
2026-03-24 20:03:56,199 - httpx - INFO - HTTP Request: POST https://api.telegram.org/bot8325733110:AAGqOULXym3cIbD0ApVPQVkY4h4h3b_QQ_s/getUpdates "HTTP/1.1 200 OK"
2026-03-24 20:04:06,312 - httpx - INFO - HTTP Request: POST https://api.telegram.org/bot8325733110:AAGqOULXym3cIbD0ApVPQVkY4h4h3b_QQ_s/getUpdates "HTTP/1.1 200 OK"
2026-03-24 20:04:16,420 - httpx - INFO - HTTP Request: POST https://api.telegram.org/bot8325733110:AAGqOULXym3cIbD0ApVPQVkY4h4h3b_QQ_s/getUpdates "HTTP/1.1 200 OK"
2026-03-24 20:04:26,521 - httpx - INFO - HTTP Request: POST https://api.telegram.org/bot8325733110:AAGqOULXym3cIbD0ApVPQVkY4h4h3b_QQ_s/getUpdates "HTTP/1.1 200 OK"
2026-03-24 20:04:36,675 - httpx - INFO - HTTP Request: POST https://api.telegram.org/bot8325733110:AAGqOULXym3cIbD0ApVPQVkY4h4h3b_QQ_s/getUpdates "HTTP/1.1 200 OK"
2026-03-24 20:04:46,777 - httpx - INFO - HTTP Request: POST https://api.telegram.org/bot8325733110:AAGqOULXym3cIbD0ApVPQVkY4h4h3b_QQ_s/getUpdates "HTTP/1.1 200 OK"
2026-03-24 20:04:56,875 - httpx - INFO - HTTP Request: POST https://api.telegram.org/bot8325733110:AAGqOULXym3cIbD0ApVPQVkY4h4h3b_QQ_s/getUpdates "HTTP/1.1 200 OK"
2026-03-24 20:05:06,967 - httpx - INFO - HTTP Request: POST https://api.telegram.org/bot8325733110:AAGqOULXym3cIbD0ApVPQVkY4h4h3b_QQ_s/getUpdates "HTTP/1.1 200 OK"
2026-03-24 20:05:17,065 - httpx - INFO - HTTP Request: POST https://api.telegram.org/bot8325733110:AAGqOULXym3cIbD0ApVPQVkY4h4h3b_QQ_s/getUpdates "HTTP/1.1 200 OK"
2026-03-24 20:05:27,159 - httpx - INFO - HTTP Request: POST https://api.telegram.org/bot8325733110:AAGqOULXym3cIbD0ApVPQVkY4h4h3b_QQ_s/getUpdates "HTTP/1.1 200 OK"
2026-03-24 20:05:37,312 - httpx - INFO - HTTP Request: POST https://api.telegram.org/bot8325733110:AAGqOULXym3cIbD0ApVPQVkY4h4h3b_QQ_s/getUpdates "HTTP/1.1 200 OK"
2026-03-24 20:05:47,422 - httpx - INFO - HTTP Request: POST https://api.telegram.org/bot8325733110:AAGqOULXym3cIbD0ApVPQVkY4h4h3b_QQ_s/getUpdates "HTTP/1.1 200 OK"
2026-03-24 20:05:57,522 - httpx - INFO - HTTP Request: POST https://api.telegram.org/bot8325733110:AAGqOULXym3cIbD0ApVPQVkY4h4h3b_QQ_s/getUpdates "HTTP/1.1 200 OK"
2026-03-24 20:06:07,629 - httpx - INFO - HTTP Request: POST https://api.telegram.org/bot8325733110:AAGqOULXym3cIbD0ApVPQVkY4h4h3b_QQ_s/getUpdates "HTTP/1.1 200 OK"
2026-03-24 20:06:17,748 - httpx - INFO - HTTP Request: POST https://api.telegram.org/bot8325733110:AAGqOULXym3cIbD0ApVPQVkY4h4h3b_QQ_s/getUpdates "HTTP/1.1 200 OK"
2026-03-24 20:06:27,864 - httpx - INFO - HTTP Request: POST https://api.telegram.org/bot8325733110:AAGqOULXym3cIbD0ApVPQVkY4h4h3b_QQ_s/getUpdates "HTTP/1.1 200 OK"
2026-03-24 20:06:37,969 - httpx - INFO - HTTP Request: POST https://api.telegram.org/bot8325733110:AAGqOULXym3cIbD0ApVPQVkY4h4h3b_QQ_s/getUpdates "HTTP/1.1 200 OK"
2026-03-24 20:06:48,065 - httpx - INFO - HTTP Request: POST https://api.telegram.org/bot8325733110:AAGqOULXym3cIbD0ApVPQVkY4h4h3b_QQ_s/getUpdates "HTTP/1.1 200 OK"
2026-03-24 20:06:58,171 - httpx - INFO - HTTP Request: POST https://api.telegram.org/bot8325733110:AAGqOULXym3cIbD0ApVPQVkY4h4h3b_QQ_s/getUpdates "HTTP/1.1 200 OK"
2026-03-24 20:07:08,295 - httpx - INFO - HTTP Request: POST https://api.telegram.org/bot8325733110:AAGqOULXym3cIbD0ApVPQVkY4h4h3b_QQ_s/getUpdates "HTTP/1.1 200 OK"
2026-03-24 20:07:18,397 - httpx - INFO - HTTP Request: POST https://api.telegram.org/bot8325733110:AAGqOULXym3cIbD0ApVPQVkY4h4h3b_QQ_s/getUpdates "HTTP/1.1 200 OK"
2026-03-24 20:07:28,541 - httpx - INFO - HTTP Request: POST https://api.telegram.org/bot8325733110:AAGqOULXym3cIbD0ApVPQVkY4h4h3b_QQ_s/getUpdates "HTTP/1.1 200 OK"
2026-03-24 20:07:38,635 - httpx - INFO - HTTP Request: POST https://api.telegram.org/bot8325733110:AAGqOULXym3cIbD0ApVPQVkY4h4h3b_QQ_s/getUpdates "HTTP/1.1 200 OK"
2026-03-24 20:07:48,729 - httpx - INFO - HTTP Request: POST https://api.telegram.org/bot8325733110:AAGqOULXym3cIbD0ApVPQVkY4h4h3b_QQ_s/getUpdates "HTTP/1.1 200 OK"
2026-03-24 20:07:58,824 - httpx - INFO - HTTP Request: POST https://api.telegram.org/bot8325733110:AAGqOULXym3cIbD0ApVPQVkY4h4h3b_QQ_s/getUpdates "HTTP/1.1 200 OK"
2026-03-24 20:08:08,929 - httpx - INFO - HTTP Request: POST https://api.telegram.org/bot8325733110:AAGqOULXym3cIbD0ApVPQVkY4h4h3b_QQ_s/getUpdates "HTTP/1.1 200 OK"
2026-03-24 20:08:19,025 - httpx - INFO - HTTP Request: POST https://api.telegram.org/bot8325733110:AAGqOULXym3cIbD0ApVPQVkY4h4h3b_QQ_s/getUpdates "HTTP/1.1 200 OK"
2026-03-24 20:08:29,124 - httpx - INFO - HTTP Request: POST https://api.telegram.org/bot8325733110:AAGqOULXym3cIbD0ApVPQVkY4h4h3b_QQ_s/getUpdates "HTTP/1.1 200 OK"
2026-03-24 20:08:39,215 - httpx - INFO - HTTP Request: POST https://api.telegram.org/bot8325733110:AAGqOULXym3cIbD0ApVPQVkY4h4h3b_QQ_s/getUpdates "HTTP/1.1 200 OK"
2026-03-24 20:08:49,309 - httpx - INFO - HTTP Request: POST https://api.telegram.org/bot8325733110:AAGqOULXym3cIbD0ApVPQVkY4h4h3b_QQ_s/getUpdates "HTTP/1.1 200 OK"
2026-03-24 20:08:59,401 - httpx - INFO - HTTP Request: POST https://api.telegram.org/bot8325733110:AAGqOULXym3cIbD0ApVPQVkY4h4h3b_QQ_s/getUpdates "HTTP/1.1 200 OK"
2026-03-24 20:09:09,492 - httpx - INFO - HTTP Request: POST https://api.telegram.org/bot8325733110:AAGqOULXym3cIbD0ApVPQVkY4h4h3b_QQ_s/getUpdates "HTTP/1.1 200 OK"
2026-03-24 20:09:19,585 - httpx - INFO - HTTP Request: POST https://api.telegram.org/bot8325733110:AAGqOULXym3cIbD0ApVPQVkY4h4h3b_QQ_s/getUpdates "HTTP/1.1 200 OK"
2026-03-24 20:09:29,676 - httpx - INFO - HTTP Request: POST https://api.telegram.org/bot8325733110:AAGqOULXym3cIbD0ApVPQVkY4h4h3b_QQ_s/getUpdates "HTTP/1.1 200 OK"
2026-03-24 20:09:39,772 - httpx - INFO - HTTP Request: POST https://api.telegram.org/bot8325733110:AAGqOULXym3cIbD0ApVPQVkY4h4h3b_QQ_s/getUpdates "HTTP/1.1 200 OK"
2026-03-24 20:09:49,859 - httpx - INFO - HTTP Request: POST https://api.telegram.org/bot8325733110:AAGqOULXym3cIbD0ApVPQVkY4h4h3b_QQ_s/getUpdates "HTTP/1.1 200 OK"
2026-03-24 20:09:59,953 - httpx - INFO - HTTP Request: POST https://api.telegram.org/bot8325733110:AAGqOULXym3cIbD0ApVPQVkY4h4h3b_QQ_s/getUpdates "HTTP/1.1 200 OK"
2026-03-24 20:10:10,053 - httpx - INFO - HTTP Request: POST https://api.telegram.org/bot8325733110:AAGqOULXym3cIbD0ApVPQVkY4h4h3b_QQ_s/getUpdates "HTTP/1.1 200 OK"
2026-03-24 20:10:20,153 - httpx - INFO - HTTP Request: POST https://api.telegram.org/bot8325733110:AAGqOULXym3cIbD0ApVPQVkY4h4h3b_QQ_s/getUpdates "HTTP/1.1 200 OK"
2026-03-24 20:10:30,252 - httpx - INFO - HTTP Request: POST https://api.telegram.org/bot8325733110:AAGqOULXym3cIbD0ApVPQVkY4h4h3b_QQ_s/getUpdates "HTTP/1.1 200 OK"
2026-03-24 20:10:40,350 - httpx - INFO - HTTP Request: POST https://api.telegram.org/bot8325733110:AAGqOULXym3cIbD0ApVPQVkY4h4h3b_QQ_s/getUpdates "HTTP/1.1 200 OK"
2026-03-24 20:10:50,442 - httpx - INFO - HTTP Request: POST https://api.telegram.org/bot8325733110:AAGqOULXym3cIbD0ApVPQVkY4h4h3b_QQ_s/getUpdates "HTTP/1.1 200 OK"
2026-03-24 20:11:00,532 - httpx - INFO - HTTP Request: POST https://api.telegram.org/bot8325733110:AAGqOULXym3cIbD0ApVPQVkY4h4h3b_QQ_s/getUpdates "HTTP/1.1 200 OK"
2026-03-24 20:11:10,624 - httpx - INFO - HTTP Request: POST https://api.telegram.org/bot8325733110:AAGqOULXym3cIbD0ApVPQVkY4h4h3b_QQ_s/getUpdates "HTTP/1.1 200 OK"
2026-03-24 20:11:20,720 - httpx - INFO - HTTP Request: POST https://api.telegram.org/bot8325733110:AAGqOULXym3cIbD0ApVPQVkY4h4h3b_QQ_s/getUpdates "HTTP/1.1 200 OK"
2026-03-24 20:11:30,816 - httpx - INFO - HTTP Request: POST https://api.telegram.org/bot8325733110:AAGqOULXym3cIbD0ApVPQVkY4h4h3b_QQ_s/getUpdates "HTTP/1.1 200 OK"
2026-03-24 20:11:40,910 - httpx - INFO - HTTP Request: POST https://api.telegram.org/bot8325733110:AAGqOULXym3cIbD0ApVPQVkY4h4h3b_QQ_s/getUpdates "HTTP/1.1 200 OK"
2026-03-24 20:11:51,004 - httpx - INFO - HTTP Request: POST https://api.telegram.org/bot8325733110:AAGqOULXym3cIbD0ApVPQVkY4h4h3b_QQ_s/getUpdates "HTTP/1.1 200 OK"
2026-03-24 20:12:01,098 - httpx - INFO - HTTP Request: POST https://api.telegram.org/bot8325733110:AAGqOULXym3cIbD0ApVPQVkY4h4h3b_QQ_s/getUpdates "HTTP/1.1 200 OK"
2026-03-24 20:12:11,192 - httpx - INFO - HTTP Request: POST https://api.telegram.org/bot8325733110:AAGqOULXym3cIbD0ApVPQVkY4h4h3b_QQ_s/getUpdates "HTTP/1.1 200 OK"
2026-03-24 20:12:21,286 - httpx - INFO - HTTP Request: POST https://api.telegram.org/bot8325733110:AAGqOULXym3cIbD0ApVPQVkY4h4h3b_QQ_s/getUpdates "HTTP/1.1 200 OK"
2026-03-24 20:12:31,380 - httpx - INFO - HTTP Request: POST https://api.telegram.org/bot8325733110:AAGqOULXym3cIbD0ApVPQVkY4h4h3b_QQ_s/getUpdates "HTTP/1.1 200 OK"
2026-03-24 20:12:41,474 - httpx - INFO - HTTP Request: POST https://api.telegram.org/bot8325733110:AAGqOULXym3cIbD0ApVPQVkY4h4h3b_QQ_s/getUpdates "HTTP/1.1 200 OK"
2026-03-24 20:12:51,573 - httpx - INFO - HTTP Request: POST https://api.telegram.org/bot8325733110:AAGqOULXym3cIbD0ApVPQVkY4h4h3b_QQ_s/getUpdates "HTTP/1.1 200 OK"
2026-03-24 20:13:01,687 - httpx - INFO - HTTP Request: POST https://api.telegram.org/bot8325733110:AAGqOULXym3cIbD0ApVPQVkY4h4h3b_QQ_s/getUpdates "HTTP/1.1 200 OK"
2026-03-24 20:13:11,779 - httpx - INFO - HTTP Request: POST https://api.telegram.org/bot8325733110:AAGqOULXym3cIbD0ApVPQVkY4h4h3b_QQ_s/getUpdates "HTTP/1.1 200 OK"
2026-03-24 20:13:21,873 - httpx - INFO - HTTP Request: POST https://api.telegram.org/bot8325733110:AAGqOULXym3cIbD0ApVPQVkY4h4h3b_QQ_s/getUpdates "HTTP/1.1 200 OK"
2026-03-24 20:13:31,971 - httpx - INFO - HTTP Request: POST https://api.telegram.org/bot8325733110:AAGqOULXym3cIbD0ApVPQVkY4h4h3b_QQ_s/getUpdates "HTTP/1.1 200 OK"
2026-03-24 20:13:42,065 - httpx - INFO - HTTP Request: POST https://api.telegram.org/bot8325733110:AAGqOULXym3cIbD0ApVPQVkY4h4h3b_QQ_s/getUpdates "HTTP/1.1 200 OK"
2026-03-24 20:13:52,160 - httpx - INFO - HTTP Request: POST https://api.telegram.org/bot8325733110:AAGqOULXym3cIbD0ApVPQVkY4h4h3b_QQ_s/getUpdates "HTTP/1.1 200 OK"
2026-03-24 20:14:02,268 - httpx - INFO - HTTP Request: POST https://api.telegram.org/bot8325733110:AAGqOULXym3cIbD0ApVPQVkY4h4h3b_QQ_s/getUpdates "HTTP/1.1 200 OK"
2026-03-24 20:14:12,625 - httpx - INFO - HTTP Request: POST https://api.telegram.org/bot8325733110:AAGqOULXym3cIbD0ApVPQVkY4h4h3b_QQ_s/getUpdates "HTTP/1.1 200 OK"
2026-03-24 20:14:22,745 - httpx - INFO - HTTP Request: POST https://api.telegram.org/bot8325733110:AAGqOULXym3cIbD0ApVPQVkY4h4h3b_QQ_s/getUpdates "HTTP/1.1 200 OK"
2026-03-24 20:14:32,847 - httpx - INFO - HTTP Request: POST https://api.telegram.org/bot8325733110:AAGqOULXym3cIbD0ApVPQVkY4h4h3b_QQ_s/getUpdates "HTTP/1.1 200 OK"
2026-03-24 20:14:42,953 - httpx - INFO - HTTP Request: POST https://api.telegram.org/bot8325733110:AAGqOULXym3cIbD0ApVPQVkY4h4h3b_QQ_s/getUpdates "HTTP/1.1 200 OK"
2026-03-24 20:14:53,055 - httpx - INFO - HTTP Request: POST https://api.telegram.org/bot8325733110:AAGqOULXym3cIbD0ApVPQVkY4h4h3b_QQ_s/getUpdates "HTTP/1.1 200 OK"
2026-03-24 20:15:03,179 - httpx - INFO - HTTP Request: POST https://api.telegram.org/bot8325733110:AAGqOULXym3cIbD0ApVPQVkY4h4h3b_QQ_s/getUpdates "HTTP/1.1 200 OK"
2026-03-24 20:15:13,324 - httpx - INFO - HTTP Request: POST https://api.telegram.org/bot8325733110:AAGqOULXym3cIbD0ApVPQVkY4h4h3b_QQ_s/getUpdates "HTTP/1.1 200 OK"
2026-03-24 20:15:23,438 - httpx - INFO - HTTP Request: POST https://api.telegram.org/bot8325733110:AAGqOULXym3cIbD0ApVPQVkY4h4h3b_QQ_s/getUpdates "HTTP/1.1 200 OK"
2026-03-24 20:15:33,573 - httpx - INFO - HTTP Request: POST https://api.telegram.org/bot8325733110:AAGqOULXym3cIbD0ApVPQVkY4h4h3b_QQ_s/getUpdates "HTTP/1.1 200 OK"
2026-03-24 20:15:43,677 - httpx - INFO - HTTP Request: POST https://api.telegram.org/bot8325733110:AAGqOULXym3cIbD0ApVPQVkY4h4h3b_QQ_s/getUpdates "HTTP/1.1 200 OK"
2026-03-24 20:15:53,775 - httpx - INFO - HTTP Request: POST https://api.telegram.org/bot8325733110:AAGqOULXym3cIbD0ApVPQVkY4h4h3b_QQ_s/getUpdates "HTTP/1.1 200 OK"
2026-03-24 20:16:03,870 - httpx - INFO - HTTP Request: POST https://api.telegram.org/bot8325733110:AAGqOULXym3cIbD0ApVPQVkY4h4h3b_QQ_s/getUpdates "HTTP/1.1 200 OK"
2026-03-24 20:16:14,247 - httpx - INFO - HTTP Request: POST https://api.telegram.org/bot8325733110:AAGqOULXym3cIbD0ApVPQVkY4h4h3b_QQ_s/getUpdates "HTTP/1.1 200 OK"
2026-03-24 20:16:24,335 - httpx - INFO - HTTP Request: POST https://api.telegram.org/bot8325733110:AAGqOULXym3cIbD0ApVPQVkY4h4h3b_QQ_s/getUpdates "HTTP/1.1 200 OK"
2026-03-24 20:16:34,424 - httpx - INFO - HTTP Request: POST https://api.telegram.org/bot8325733110:AAGqOULXym3cIbD0ApVPQVkY4h4h3b_QQ_s/getUpdates "HTTP/1.1 200 OK"
2026-03-24 20:16:44,523 - httpx - INFO - HTTP Request: POST https://api.telegram.org/bot8325733110:AAGqOULXym3cIbD0ApVPQVkY4h4h3b_QQ_s/getUpdates "HTTP/1.1 200 OK"
2026-03-24 20:16:54,614 - httpx - INFO - HTTP Request: POST https://api.telegram.org/bot8325733110:AAGqOULXym3cIbD0ApVPQVkY4h4h3b_QQ_s/getUpdates "HTTP/1.1 200 OK"
2026-03-24 20:17:04,701 - httpx - INFO - HTTP Request: POST https://api.telegram.org/bot8325733110:AAGqOULXym3cIbD0ApVPQVkY4h4h3b_QQ_s/getUpdates "HTTP/1.1 200 OK"
2026-03-24 20:17:14,795 - httpx - INFO - HTTP Request: POST https://api.telegram.org/bot8325733110:AAGqOULXym3cIbD0ApVPQVkY4h4h3b_QQ_s/getUpdates "HTTP/1.1 200 OK"
2026-03-24 20:17:25,475 - httpx - INFO - HTTP Request: POST https://api.telegram.org/bot8325733110:AAGqOULXym3cIbD0ApVPQVkY4h4h3b_QQ_s/getUpdates "HTTP/1.1 200 OK"
2026-03-24 20:17:35,567 - httpx - INFO - HTTP Request: POST https://api.telegram.org/bot8325733110:AAGqOULXym3cIbD0ApVPQVkY4h4h3b_QQ_s/getUpdates "HTTP/1.1 200 OK"
2026-03-24 20:17:45,933 - httpx - INFO - HTTP Request: POST https://api.telegram.org/bot8325733110:AAGqOULXym3cIbD0ApVPQVkY4h4h3b_QQ_s/getUpdates "HTTP/1.1 200 OK"
2026-03-24 20:17:56,031 - httpx - INFO - HTTP Request: POST https://api.telegram.org/bot8325733110:AAGqOULXym3cIbD0ApVPQVkY4h4h3b_QQ_s/getUpdates "HTTP/1.1 200 OK"
2026-03-24 20:18:06,149 - httpx - INFO - HTTP Request: POST https://api.telegram.org/bot8325733110:AAGqOULXym3cIbD0ApVPQVkY4h4h3b_QQ_s/getUpdates "HTTP/1.1 200 OK"
2026-03-24 20:18:16,291 - httpx - INFO - HTTP Request: POST https://api.telegram.org/bot8325733110:AAGqOULXym3cIbD0ApVPQVkY4h4h3b_QQ_s/getUpdates "HTTP/1.1 200 OK"
2026-03-24 20:18:26,394 - httpx - INFO - HTTP Request: POST https://api.telegram.org/bot8325733110:AAGqOULXym3cIbD0ApVPQVkY4h4h3b_QQ_s/getUpdates "HTTP/1.1 200 OK"
2026-03-24 20:18:36,500 - httpx - INFO - HTTP Request: POST https://api.telegram.org/bot8325733110:AAGqOULXym3cIbD0ApVPQVkY4h4h3b_QQ_s/getUpdates "HTTP/1.1 200 OK"
2026-03-24 20:18:46,599 - httpx - INFO - HTTP Request: POST https://api.telegram.org/bot8325733110:AAGqOULXym3cIbD0ApVPQVkY4h4h3b_QQ_s/getUpdates "HTTP/1.1 200 OK"
2026-03-24 20:18:56,692 - httpx - INFO - HTTP Request: POST https://api.telegram.org/bot8325733110:AAGqOULXym3cIbD0ApVPQVkY4h4h3b_QQ_s/getUpdates "HTTP/1.1 200 OK"
2026-03-24 20:19:06,783 - httpx - INFO - HTTP Request: POST https://api.telegram.org/bot8325733110:AAGqOULXym3cIbD0ApVPQVkY4h4h3b_QQ_s/getUpdates "HTTP/1.1 200 OK"
2026-03-24 20:19:16,874 - httpx - INFO - HTTP Request: POST https://api.telegram.org/bot8325733110:AAGqOULXym3cIbD0ApVPQVkY4h4h3b_QQ_s/getUpdates "HTTP/1.1 200 OK"
2026-03-24 20:19:26,997 - httpx - INFO - HTTP Request: POST https://api.telegram.org/bot8325733110:AAGqOULXym3cIbD0ApVPQVkY4h4h3b_QQ_s/getUpdates "HTTP/1.1 200 OK"
2026-03-24 20:19:37,094 - httpx - INFO - HTTP Request: POST https://api.telegram.org/bot8325733110:AAGqOULXym3cIbD0ApVPQVkY4h4h3b_QQ_s/getUpdates "HTTP/1.1 200 OK"
2026-03-24 20:19:47,199 - httpx - INFO - HTTP Request: POST https://api.telegram.org/bot8325733110:AAGqOULXym3cIbD0ApVPQVkY4h4h3b_QQ_s/getUpdates "HTTP/1.1 200 OK"
2026-03-24 20:19:57,303 - httpx - INFO - HTTP Request: POST https://api.telegram.org/bot8325733110:AAGqOULXym3cIbD0ApVPQVkY4h4h3b_QQ_s/getUpdates "HTTP/1.1 200 OK"
2026-03-24 20:20:07,425 - httpx - INFO - HTTP Request: POST https://api.telegram.org/bot8325733110:AAGqOULXym3cIbD0ApVPQVkY4h4h3b_QQ_s/getUpdates "HTTP/1.1 200 OK"
2026-03-24 20:20:17,525 - httpx - INFO - HTTP Request: POST https://api.telegram.org/bot8325733110:AAGqOULXym3cIbD0ApVPQVkY4h4h3b_QQ_s/getUpdates "HTTP/1.1 200 OK"
2026-03-24 20:20:27,622 - httpx - INFO - HTTP Request: POST https://api.telegram.org/bot8325733110:AAGqOULXym3cIbD0ApVPQVkY4h4h3b_QQ_s/getUpdates "HTTP/1.1 200 OK"
2026-03-24 20:20:37,771 - httpx - INFO - HTTP Request: POST https://api.telegram.org/bot8325733110:AAGqOULXym3cIbD0ApVPQVkY4h4h3b_QQ_s/getUpdates "HTTP/1.1 200 OK"
2026-03-24 20:20:47,892 - httpx - INFO - HTTP Request: POST https://api.telegram.org/bot8325733110:AAGqOULXym3cIbD0ApVPQVkY4h4h3b_QQ_s/getUpdates "HTTP/1.1 200 OK"
2026-03-24 20:20:57,994 - httpx - INFO - HTTP Request: POST https://api.telegram.org/bot8325733110:AAGqOULXym3cIbD0ApVPQVkY4h4h3b_QQ_s/getUpdates "HTTP/1.1 200 OK"
2026-03-24 20:21:08,131 - httpx - INFO - HTTP Request: POST https://api.telegram.org/bot8325733110:AAGqOULXym3cIbD0ApVPQVkY4h4h3b_QQ_s/getUpdates "HTTP/1.1 200 OK"
2026-03-24 20:21:18,271 - httpx - INFO - HTTP Request: POST https://api.telegram.org/bot8325733110:AAGqOULXym3cIbD0ApVPQVkY4h4h3b_QQ_s/getUpdates "HTTP/1.1 200 OK"
2026-03-24 20:21:28,359 - httpx - INFO - HTTP Request: POST https://api.telegram.org/bot8325733110:AAGqOULXym3cIbD0ApVPQVkY4h4h3b_QQ_s/getUpdates "HTTP/1.1 200 OK"
2026-03-24 20:21:38,450 - httpx - INFO - HTTP Request: POST https://api.telegram.org/bot8325733110:AAGqOULXym3cIbD0ApVPQVkY4h4h3b_QQ_s/getUpdates "HTTP/1.1 200 OK"
2026-03-24 20:21:48,546 - httpx - INFO - HTTP Request: POST https://api.telegram.org/bot8325733110:AAGqOULXym3cIbD0ApVPQVkY4h4h3b_QQ_s/getUpdates "HTTP/1.1 200 OK"
2026-03-24 20:21:58,639 - httpx - INFO - HTTP Request: POST https://api.telegram.org/bot8325733110:AAGqOULXym3cIbD0ApVPQVkY4h4h3b_QQ_s/getUpdates "HTTP/1.1 200 OK"
